<?xml version="1.0" encoding="UTF-8"?>
<!-- Generated by org.testng.reporters.JUnitXMLReporter -->
<testsuite hostname="rachits-w10" name="Test" tests="1" failures="1" timestamp="20 Nov 2020 08:43:13 GMT" time="0.027" errors="0">
  <testcase name="homepagetest" time="0.012" classname="com.Test.HomePage">
    <failure type="java.lang.NullPointerException">
      <![CDATA[java.lang.NullPointerException
	at com.Test.HomePage.homepagetest(HomePage.java:13)
... Removed 24 stack frames]]>
    </failure>
  </testcase> <!-- homepagetest -->
</testsuite> <!-- Test -->
